[      50ms] [INFO] %cDownload the React DevTools for a better development experience: https://react.dev/link/react-devtools font-weight:bold @ http://localhost:3000/_next/static/chunks/node_modules_next_dist_1ybzpk2._.js:2477
[      56ms] [LOG] [HMR] connected @ http://localhost:3000/_next/static/chunks/node_modules_next_dist_1ybzpk2._.js:2477
[     837ms] [ERROR] Access to fetch at 'https://googleads.g.doubleclick.net/pagead/viewthroughconversion/962985656/?backend=innertube&cname=56&cver=2_20260612&foc_id=SJ4gkVC6NrvII8umztf0Ow&label=followon_view&ptype=no_rmkt&random=88845302&cv_attributed=0' (redirected from 'https://www.youtube.com/pagead/viewthroughconversion/962985656/?backend=innertube&cname=56&cver=2_20260612&foc_id=SJ4gkVC6NrvII8umztf0Ow&label=followon_view&ptype=no_rmkt&random=88845302') from origin 'https://www.youtube.com' has been blocked by CORS policy: No 'Access-Control-Allow-Origin' header is present on the requested resource. @ https://www.youtube.com/embed/X4VbdwhkE10?autoplay=0&controls=0&modestbranding=1&playsinline=1&rel=0&enablejsapi=1&origin=http%3A%2F%2Flocalhost%3A3000&widgetid=1&forigin=http%3A%2F%2Flocalhost%3A3000%2F&aoriginsup=1&vf=1:0
[     837ms] [ERROR] Failed to load resource: net::ERR_FAILED @ https://googleads.g.doubleclick.net/pagead/viewthroughconversion/962985656/?backend=innertube&cname=56&cver=2_20260612&foc_id=SJ4gkVC6NrvII8umztf0Ow&label=followon_view&ptype=no_rmkt&random=88845302&cv_attributed=0:0
[   98591ms] [LOG] [Fast Refresh] rebuilding @ http://localhost:3000/_next/static/chunks/node_modules_next_dist_1ybzpk2._.js:2477
[   98592ms] [WARNING] [Fast Refresh] performing full reload

Fast Refresh will perform a full reload when you edit a file that's imported by modules outside of the React rendering tree.
You might have a file which exports a React component but also exports a value that is imported by a non-React component file.
Consider migrating the non-React component export to a separate file and importing it into both files.

It is also possible the parent component of the component you edited is a class component, which disables Fast Refresh.
Fast Refresh requires at least one parent function component in your React tree. @ http://localhost:3000/_next/static/chunks/node_modules_next_dist_1ybzpk2._.js:2477
[   98672ms] [LOG] [Fast Refresh] done in 15ms @ http://localhost:3000/_next/static/chunks/node_modules_next_dist_1ybzpk2._.js:2477
[   98760ms] [INFO] %cDownload the React DevTools for a better development experience: https://react.dev/link/react-devtools font-weight:bold @ http://localhost:3000/_next/static/chunks/node_modules_next_dist_1ybzpk2._.js:2477
[   98801ms] [LOG] [HMR] connected @ http://localhost:3000/_next/static/chunks/node_modules_next_dist_1ybzpk2._.js:2477
[   99724ms] [ERROR] Access to fetch at 'https://googleads.g.doubleclick.net/pagead/viewthroughconversion/962985656/?backend=innertube&cname=56&cver=2_20260612&foc_id=SJ4gkVC6NrvII8umztf0Ow&label=followon_view&ptype=no_rmkt&random=740543352&cv_attributed=0' (redirected from 'https://www.youtube.com/pagead/viewthroughconversion/962985656/?backend=innertube&cname=56&cver=2_20260612&foc_id=SJ4gkVC6NrvII8umztf0Ow&label=followon_view&ptype=no_rmkt&random=740543352') from origin 'https://www.youtube.com' has been blocked by CORS policy: No 'Access-Control-Allow-Origin' header is present on the requested resource. @ https://www.youtube.com/embed/X4VbdwhkE10?autoplay=0&controls=0&modestbranding=1&playsinline=1&rel=0&enablejsapi=1&origin=http%3A%2F%2Flocalhost%3A3000&widgetid=1&forigin=http%3A%2F%2Flocalhost%3A3000%2F&aoriginsup=1&gporigin=http%3A%2F%2Flocalhost%3A3000%2F&vf=1:0
[   99724ms] [ERROR] Failed to load resource: net::ERR_FAILED @ https://googleads.g.doubleclick.net/pagead/viewthroughconversion/962985656/?backend=innertube&cname=56&cver=2_20260612&foc_id=SJ4gkVC6NrvII8umztf0Ow&label=followon_view&ptype=no_rmkt&random=740543352&cv_attributed=0:0
[  105463ms] [LOG] [Fast Refresh] rebuilding @ http://localhost:3000/_next/static/chunks/node_modules_next_dist_1ybzpk2._.js:2477
[  105492ms] [LOG] [Fast Refresh] done in 15ms @ http://localhost:3000/_next/static/chunks/node_modules_next_dist_1ybzpk2._.js:2477
[  106971ms] [LOG] [Fast Refresh] rebuilding @ http://localhost:3000/_next/static/chunks/node_modules_next_dist_1ybzpk2._.js:2477
[  107003ms] [LOG] [Fast Refresh] done in 23ms @ http://localhost:3000/_next/static/chunks/node_modules_next_dist_1ybzpk2._.js:2477
