[      61ms] [INFO] %cDownload the React DevTools for a better development experience: https://react.dev/link/react-devtools font-weight:bold @ http://localhost:3000/_next/static/chunks/node_modules_next_dist_1ybzpk2._.js:2477
[      96ms] [LOG] [HMR] connected @ http://localhost:3000/_next/static/chunks/node_modules_next_dist_1ybzpk2._.js:2477
[    1243ms] [ERROR] Access to fetch at 'https://googleads.g.doubleclick.net/pagead/viewthroughconversion/962985656/?backend=innertube&cname=56&cver=2_20260612&foc_id=SJ4gkVC6NrvII8umztf0Ow&label=followon_view&ptype=no_rmkt&random=757624689&cv_attributed=0' (redirected from 'https://www.youtube.com/pagead/viewthroughconversion/962985656/?backend=innertube&cname=56&cver=2_20260612&foc_id=SJ4gkVC6NrvII8umztf0Ow&label=followon_view&ptype=no_rmkt&random=757624689') from origin 'https://www.youtube.com' has been blocked by CORS policy: No 'Access-Control-Allow-Origin' header is present on the requested resource. @ https://www.youtube.com/embed/X4VbdwhkE10?autoplay=0&controls=0&modestbranding=1&playsinline=1&rel=0&enablejsapi=1&origin=http%3A%2F%2Flocalhost%3A3000&widgetid=1&forigin=http%3A%2F%2Flocalhost%3A3000%2F&aoriginsup=1&vf=1:0
[    1243ms] [ERROR] Failed to load resource: net::ERR_FAILED @ https://googleads.g.doubleclick.net/pagead/viewthroughconversion/962985656/?backend=innertube&cname=56&cver=2_20260612&foc_id=SJ4gkVC6NrvII8umztf0Ow&label=followon_view&ptype=no_rmkt&random=757624689&cv_attributed=0:0
[   95413ms] [LOG] [Fast Refresh] rebuilding @ http://localhost:3000/_next/static/chunks/node_modules_next_dist_1ybzpk2._.js:2477
[   95414ms] [WARNING] [Fast Refresh] performing full reload

Fast Refresh will perform a full reload when you edit a file that's imported by modules outside of the React rendering tree.
You might have a file which exports a React component but also exports a value that is imported by a non-React component file.
Consider migrating the non-React component export to a separate file and importing it into both files.

It is also possible the parent component of the component you edited is a class component, which disables Fast Refresh.
Fast Refresh requires at least one parent function component in your React tree. @ http://localhost:3000/_next/static/chunks/node_modules_next_dist_1ybzpk2._.js:2477
[   95489ms] [LOG] [Fast Refresh] done in 14ms @ http://localhost:3000/_next/static/chunks/node_modules_next_dist_1ybzpk2._.js:2477
[   95583ms] [INFO] %cDownload the React DevTools for a better development experience: https://react.dev/link/react-devtools font-weight:bold @ http://localhost:3000/_next/static/chunks/node_modules_next_dist_1ybzpk2._.js:2477
[   95593ms] [LOG] [HMR] connected @ http://localhost:3000/_next/static/chunks/node_modules_next_dist_1ybzpk2._.js:2477
[   96526ms] [ERROR] Access to fetch at 'https://googleads.g.doubleclick.net/pagead/viewthroughconversion/962985656/?backend=innertube&cname=56&cver=2_20260612&foc_id=SJ4gkVC6NrvII8umztf0Ow&label=followon_view&ptype=no_rmkt&random=778283553&cv_attributed=0' (redirected from 'https://www.youtube.com/pagead/viewthroughconversion/962985656/?backend=innertube&cname=56&cver=2_20260612&foc_id=SJ4gkVC6NrvII8umztf0Ow&label=followon_view&ptype=no_rmkt&random=778283553') from origin 'https://www.youtube.com' has been blocked by CORS policy: No 'Access-Control-Allow-Origin' header is present on the requested resource. @ https://www.youtube.com/embed/X4VbdwhkE10?autoplay=0&controls=0&modestbranding=1&playsinline=1&rel=0&enablejsapi=1&origin=http%3A%2F%2Flocalhost%3A3000&widgetid=1&forigin=http%3A%2F%2Flocalhost%3A3000%2F&aoriginsup=1&gporigin=http%3A%2F%2Flocalhost%3A3000%2F&vf=1:0
[   96527ms] [ERROR] Failed to load resource: net::ERR_FAILED @ https://googleads.g.doubleclick.net/pagead/viewthroughconversion/962985656/?backend=innertube&cname=56&cver=2_20260612&foc_id=SJ4gkVC6NrvII8umztf0Ow&label=followon_view&ptype=no_rmkt&random=778283553&cv_attributed=0:0
[  100121ms] [LOG] [Fast Refresh] rebuilding @ http://localhost:3000/_next/static/chunks/node_modules_next_dist_1ybzpk2._.js:2477
[  100121ms] [WARNING] [Fast Refresh] performing full reload

Fast Refresh will perform a full reload when you edit a file that's imported by modules outside of the React rendering tree.
You might have a file which exports a React component but also exports a value that is imported by a non-React component file.
Consider migrating the non-React component export to a separate file and importing it into both files.

It is also possible the parent component of the component you edited is a class component, which disables Fast Refresh.
Fast Refresh requires at least one parent function component in your React tree. @ http://localhost:3000/_next/static/chunks/node_modules_next_dist_1ybzpk2._.js:2477
[  100199ms] [LOG] [Fast Refresh] done in 12ms @ http://localhost:3000/_next/static/chunks/node_modules_next_dist_1ybzpk2._.js:2477
[  100245ms] [INFO] %cDownload the React DevTools for a better development experience: https://react.dev/link/react-devtools font-weight:bold @ http://localhost:3000/_next/static/chunks/node_modules_next_dist_1ybzpk2._.js:2477
[  100259ms] [LOG] [HMR] connected @ http://localhost:3000/_next/static/chunks/node_modules_next_dist_1ybzpk2._.js:2477
[  101048ms] [ERROR] Access to fetch at 'https://googleads.g.doubleclick.net/pagead/viewthroughconversion/962985656/?backend=innertube&cname=56&cver=2_20260612&foc_id=SJ4gkVC6NrvII8umztf0Ow&label=followon_view&ptype=no_rmkt&random=1037062973&cv_attributed=0' (redirected from 'https://www.youtube.com/pagead/viewthroughconversion/962985656/?backend=innertube&cname=56&cver=2_20260612&foc_id=SJ4gkVC6NrvII8umztf0Ow&label=followon_view&ptype=no_rmkt&random=1037062973') from origin 'https://www.youtube.com' has been blocked by CORS policy: No 'Access-Control-Allow-Origin' header is present on the requested resource. @ https://www.youtube.com/embed/X4VbdwhkE10?autoplay=0&controls=0&modestbranding=1&playsinline=1&rel=0&enablejsapi=1&origin=http%3A%2F%2Flocalhost%3A3000&widgetid=1&forigin=http%3A%2F%2Flocalhost%3A3000%2F&aoriginsup=1&gporigin=http%3A%2F%2Flocalhost%3A3000%2F&vf=1:0
[  101048ms] [ERROR] Failed to load resource: net::ERR_FAILED @ https://googleads.g.doubleclick.net/pagead/viewthroughconversion/962985656/?backend=innertube&cname=56&cver=2_20260612&foc_id=SJ4gkVC6NrvII8umztf0Ow&label=followon_view&ptype=no_rmkt&random=1037062973&cv_attributed=0:0
[  102994ms] [LOG] [Fast Refresh] rebuilding @ http://localhost:3000/_next/static/chunks/node_modules_next_dist_1ybzpk2._.js:2477
[  102995ms] [WARNING] [Fast Refresh] performing full reload

Fast Refresh will perform a full reload when you edit a file that's imported by modules outside of the React rendering tree.
You might have a file which exports a React component but also exports a value that is imported by a non-React component file.
Consider migrating the non-React component export to a separate file and importing it into both files.

It is also possible the parent component of the component you edited is a class component, which disables Fast Refresh.
Fast Refresh requires at least one parent function component in your React tree. @ http://localhost:3000/_next/static/chunks/node_modules_next_dist_1ybzpk2._.js:2477
[  103066ms] [LOG] [Fast Refresh] done in 15ms @ http://localhost:3000/_next/static/chunks/node_modules_next_dist_1ybzpk2._.js:2477
[  103106ms] [INFO] %cDownload the React DevTools for a better development experience: https://react.dev/link/react-devtools font-weight:bold @ http://localhost:3000/_next/static/chunks/node_modules_next_dist_1ybzpk2._.js:2477
[  103113ms] [LOG] [HMR] connected @ http://localhost:3000/_next/static/chunks/node_modules_next_dist_1ybzpk2._.js:2477
[  103896ms] [ERROR] Access to fetch at 'https://googleads.g.doubleclick.net/pagead/viewthroughconversion/962985656/?backend=innertube&cname=56&cver=2_20260612&foc_id=SJ4gkVC6NrvII8umztf0Ow&label=followon_view&ptype=no_rmkt&random=61147469&cv_attributed=0' (redirected from 'https://www.youtube.com/pagead/viewthroughconversion/962985656/?backend=innertube&cname=56&cver=2_20260612&foc_id=SJ4gkVC6NrvII8umztf0Ow&label=followon_view&ptype=no_rmkt&random=61147469') from origin 'https://www.youtube.com' has been blocked by CORS policy: No 'Access-Control-Allow-Origin' header is present on the requested resource. @ https://www.youtube.com/embed/X4VbdwhkE10?autoplay=0&controls=0&modestbranding=1&playsinline=1&rel=0&enablejsapi=1&origin=http%3A%2F%2Flocalhost%3A3000&widgetid=1&forigin=http%3A%2F%2Flocalhost%3A3000%2F&aoriginsup=1&gporigin=http%3A%2F%2Flocalhost%3A3000%2F&vf=1:0
[  103896ms] [ERROR] Failed to load resource: net::ERR_FAILED @ https://googleads.g.doubleclick.net/pagead/viewthroughconversion/962985656/?backend=innertube&cname=56&cver=2_20260612&foc_id=SJ4gkVC6NrvII8umztf0Ow&label=followon_view&ptype=no_rmkt&random=61147469&cv_attributed=0:0
[  109333ms] [LOG] [Fast Refresh] rebuilding @ http://localhost:3000/_next/static/chunks/node_modules_next_dist_1ybzpk2._.js:2477
[  109371ms] [LOG] [Fast Refresh] done in 13ms @ http://localhost:3000/_next/static/chunks/node_modules_next_dist_1ybzpk2._.js:2477
[  123453ms] [LOG] [Fast Refresh] rebuilding @ http://localhost:3000/_next/static/chunks/node_modules_next_dist_1ybzpk2._.js:2477
[  123484ms] [LOG] [Fast Refresh] done in 38ms @ http://localhost:3000/_next/static/chunks/node_modules_next_dist_1ybzpk2._.js:2477
[  177259ms] [LOG] [Fast Refresh] rebuilding @ http://localhost:3000/_next/static/chunks/node_modules_next_dist_1ybzpk2._.js:2477
[  177289ms] [LOG] [Fast Refresh] done in 25ms @ http://localhost:3000/_next/static/chunks/node_modules_next_dist_1ybzpk2._.js:2477
[  184413ms] [INFO] %cDownload the React DevTools for a better development experience: https://react.dev/link/react-devtools font-weight:bold @ http://localhost:3000/_next/static/chunks/node_modules_next_dist_1ybzpk2._.js:2477
[  184423ms] [LOG] [HMR] connected @ http://localhost:3000/_next/static/chunks/node_modules_next_dist_1ybzpk2._.js:2477
[  185297ms] [ERROR] Access to fetch at 'https://googleads.g.doubleclick.net/pagead/viewthroughconversion/962985656/?backend=innertube&cname=56&cver=2_20260612&foc_id=SJ4gkVC6NrvII8umztf0Ow&label=followon_view&ptype=no_rmkt&random=94267675&cv_attributed=0' (redirected from 'https://www.youtube.com/pagead/viewthroughconversion/962985656/?backend=innertube&cname=56&cver=2_20260612&foc_id=SJ4gkVC6NrvII8umztf0Ow&label=followon_view&ptype=no_rmkt&random=94267675') from origin 'https://www.youtube.com' has been blocked by CORS policy: No 'Access-Control-Allow-Origin' header is present on the requested resource. @ https://www.youtube.com/embed/X4VbdwhkE10?autoplay=0&controls=0&modestbranding=1&playsinline=1&rel=0&enablejsapi=1&origin=http%3A%2F%2Flocalhost%3A3000&widgetid=1&forigin=http%3A%2F%2Flocalhost%3A3000%2F&aoriginsup=1&gporigin=http%3A%2F%2Flocalhost%3A3000%2F&vf=1:0
[  185297ms] [ERROR] Failed to load resource: net::ERR_FAILED @ https://googleads.g.doubleclick.net/pagead/viewthroughconversion/962985656/?backend=innertube&cname=56&cver=2_20260612&foc_id=SJ4gkVC6NrvII8umztf0Ow&label=followon_view&ptype=no_rmkt&random=94267675&cv_attributed=0:0
[  203032ms] [INFO] %cDownload the React DevTools for a better development experience: https://react.dev/link/react-devtools font-weight:bold @ http://localhost:3000/_next/static/chunks/node_modules_next_dist_1ybzpk2._.js:2477
[  203039ms] [LOG] [HMR] connected @ http://localhost:3000/_next/static/chunks/node_modules_next_dist_1ybzpk2._.js:2477
[  368528ms] [LOG] [Fast Refresh] rebuilding @ http://localhost:3000/_next/static/chunks/node_modules_next_dist_1ybzpk2._.js:2477
[  368557ms] [LOG] [Fast Refresh] done in 26ms @ http://localhost:3000/_next/static/chunks/node_modules_next_dist_1ybzpk2._.js:2477
[  380828ms] [INFO] %cDownload the React DevTools for a better development experience: https://react.dev/link/react-devtools font-weight:bold @ http://localhost:3000/_next/static/chunks/node_modules_next_dist_1ybzpk2._.js:2477
[  380834ms] [LOG] [HMR] connected @ http://localhost:3000/_next/static/chunks/node_modules_next_dist_1ybzpk2._.js:2477
[  381873ms] [ERROR] Access to fetch at 'https://googleads.g.doubleclick.net/pagead/viewthroughconversion/962985656/?backend=innertube&cname=56&cver=2_20260612&foc_id=SJ4gkVC6NrvII8umztf0Ow&label=followon_view&ptype=no_rmkt&random=465821972&cv_attributed=0' (redirected from 'https://www.youtube.com/pagead/viewthroughconversion/962985656/?backend=innertube&cname=56&cver=2_20260612&foc_id=SJ4gkVC6NrvII8umztf0Ow&label=followon_view&ptype=no_rmkt&random=465821972') from origin 'https://www.youtube.com' has been blocked by CORS policy: No 'Access-Control-Allow-Origin' header is present on the requested resource. @ https://www.youtube.com/embed/X4VbdwhkE10?autoplay=0&controls=0&modestbranding=1&playsinline=1&rel=0&enablejsapi=1&origin=http%3A%2F%2Flocalhost%3A3000&widgetid=1&forigin=http%3A%2F%2Flocalhost%3A3000%2F&aoriginsup=1&gporigin=http%3A%2F%2Flocalhost%3A3000%2F&vf=1:0
[  381873ms] [ERROR] Failed to load resource: net::ERR_FAILED @ https://googleads.g.doubleclick.net/pagead/viewthroughconversion/962985656/?backend=innertube&cname=56&cver=2_20260612&foc_id=SJ4gkVC6NrvII8umztf0Ow&label=followon_view&ptype=no_rmkt&random=465821972&cv_attributed=0:0
[  435031ms] [INFO] %cDownload the React DevTools for a better development experience: https://react.dev/link/react-devtools font-weight:bold @ http://localhost:3000/_next/static/chunks/node_modules_next_dist_1ybzpk2._.js:2477
[  435038ms] [LOG] [HMR] connected @ http://localhost:3000/_next/static/chunks/node_modules_next_dist_1ybzpk2._.js:2477
[  504297ms] [LOG] [Fast Refresh] rebuilding @ http://localhost:3000/_next/static/chunks/node_modules_next_dist_1ybzpk2._.js:2477
[  504327ms] [LOG] [Fast Refresh] done in 28ms @ http://localhost:3000/_next/static/chunks/node_modules_next_dist_1ybzpk2._.js:2477
[  512479ms] [INFO] %cDownload the React DevTools for a better development experience: https://react.dev/link/react-devtools font-weight:bold @ http://localhost:3000/_next/static/chunks/node_modules_next_dist_1ybzpk2._.js:2477
[  512486ms] [LOG] [HMR] connected @ http://localhost:3000/_next/static/chunks/node_modules_next_dist_1ybzpk2._.js:2477
[  513383ms] [ERROR] Access to fetch at 'https://googleads.g.doubleclick.net/pagead/viewthroughconversion/962985656/?backend=innertube&cname=56&cver=2_20260612&foc_id=SJ4gkVC6NrvII8umztf0Ow&label=followon_view&ptype=no_rmkt&random=928503864&cv_attributed=0' (redirected from 'https://www.youtube.com/pagead/viewthroughconversion/962985656/?backend=innertube&cname=56&cver=2_20260612&foc_id=SJ4gkVC6NrvII8umztf0Ow&label=followon_view&ptype=no_rmkt&random=928503864') from origin 'https://www.youtube.com' has been blocked by CORS policy: No 'Access-Control-Allow-Origin' header is present on the requested resource. @ https://www.youtube.com/embed/X4VbdwhkE10?autoplay=0&controls=0&modestbranding=1&playsinline=1&rel=0&enablejsapi=1&origin=http%3A%2F%2Flocalhost%3A3000&widgetid=1&forigin=http%3A%2F%2Flocalhost%3A3000%2F&aoriginsup=1&gporigin=http%3A%2F%2Flocalhost%3A3000%2F&vf=1:0
[  513383ms] [ERROR] Failed to load resource: net::ERR_FAILED @ https://googleads.g.doubleclick.net/pagead/viewthroughconversion/962985656/?backend=innertube&cname=56&cver=2_20260612&foc_id=SJ4gkVC6NrvII8umztf0Ow&label=followon_view&ptype=no_rmkt&random=928503864&cv_attributed=0:0
[  737881ms] [LOG] [Fast Refresh] rebuilding @ http://localhost:3000/_next/static/chunks/node_modules_next_dist_1ybzpk2._.js:2477
[  737910ms] [LOG] [Fast Refresh] done in 23ms @ http://localhost:3000/_next/static/chunks/node_modules_next_dist_1ybzpk2._.js:2477
[  750520ms] [LOG] [Fast Refresh] rebuilding @ http://localhost:3000/_next/static/chunks/node_modules_next_dist_1ybzpk2._.js:2477
[  750551ms] [LOG] [Fast Refresh] done in 25ms @ http://localhost:3000/_next/static/chunks/node_modules_next_dist_1ybzpk2._.js:2477
[  771337ms] [INFO] %cDownload the React DevTools for a better development experience: https://react.dev/link/react-devtools font-weight:bold @ http://localhost:3000/_next/static/chunks/node_modules_next_dist_1ybzpk2._.js:2477
[  771345ms] [LOG] [HMR] connected @ http://localhost:3000/_next/static/chunks/node_modules_next_dist_1ybzpk2._.js:2477
[  772199ms] [ERROR] Access to fetch at 'https://googleads.g.doubleclick.net/pagead/viewthroughconversion/962985656/?backend=innertube&cname=56&cver=2_20260612&foc_id=SJ4gkVC6NrvII8umztf0Ow&label=followon_view&ptype=no_rmkt&random=689532208&cv_attributed=0' (redirected from 'https://www.youtube.com/pagead/viewthroughconversion/962985656/?backend=innertube&cname=56&cver=2_20260612&foc_id=SJ4gkVC6NrvII8umztf0Ow&label=followon_view&ptype=no_rmkt&random=689532208') from origin 'https://www.youtube.com' has been blocked by CORS policy: No 'Access-Control-Allow-Origin' header is present on the requested resource. @ https://www.youtube.com/embed/X4VbdwhkE10?autoplay=0&controls=0&modestbranding=1&playsinline=1&rel=0&enablejsapi=1&origin=http%3A%2F%2Flocalhost%3A3000&widgetid=1&forigin=http%3A%2F%2Flocalhost%3A3000%2F&aoriginsup=1&gporigin=http%3A%2F%2Flocalhost%3A3000%2F&vf=1:0
[  772199ms] [ERROR] Failed to load resource: net::ERR_FAILED @ https://googleads.g.doubleclick.net/pagead/viewthroughconversion/962985656/?backend=innertube&cname=56&cver=2_20260612&foc_id=SJ4gkVC6NrvII8umztf0Ow&label=followon_view&ptype=no_rmkt&random=689532208&cv_attributed=0:0
[  866150ms] [ERROR] WebSocket connection to 'ws://localhost:3000/_next/webpack-hmr?id=r_EFaB0aNPw6UXm7uHCt5' failed: Error in connection establishment: net::ERR_CONNECTION_REFUSED @ http://localhost:3000/_next/static/chunks/node_modules_next_dist_client_0r5nbpw._.js:13422
[  867155ms] [ERROR] WebSocket connection to 'ws://localhost:3000/_next/webpack-hmr?id=r_EFaB0aNPw6UXm7uHCt5' failed: Error in connection establishment: net::ERR_CONNECTION_REFUSED @ http://localhost:3000/_next/static/chunks/node_modules_next_dist_client_0r5nbpw._.js:13422
[  868158ms] [ERROR] WebSocket connection to 'ws://localhost:3000/_next/webpack-hmr?id=r_EFaB0aNPw6UXm7uHCt5' failed: Error in connection establishment: net::ERR_CONNECTION_REFUSED @ http://localhost:3000/_next/static/chunks/node_modules_next_dist_client_0r5nbpw._.js:13422
[  869162ms] [ERROR] WebSocket connection to 'ws://localhost:3000/_next/webpack-hmr?id=r_EFaB0aNPw6UXm7uHCt5' failed: Error in connection establishment: net::ERR_CONNECTION_REFUSED @ http://localhost:3000/_next/static/chunks/node_modules_next_dist_client_0r5nbpw._.js:13422
[  870171ms] [LOG] [HMR] connected @ http://localhost:3000/_next/static/chunks/node_modules_next_dist_1ybzpk2._.js:2477
[  870356ms] [INFO] %cDownload the React DevTools for a better development experience: https://react.dev/link/react-devtools font-weight:bold @ http://localhost:3000/_next/static/chunks/node_modules_next_dist_1ybzpk2._.js:2477
[  870364ms] [LOG] [HMR] connected @ http://localhost:3000/_next/static/chunks/node_modules_next_dist_1ybzpk2._.js:2477
[  871265ms] [ERROR] Access to fetch at 'https://googleads.g.doubleclick.net/pagead/viewthroughconversion/962985656/?backend=innertube&cname=56&cver=2_20260612&foc_id=SJ4gkVC6NrvII8umztf0Ow&label=followon_view&ptype=no_rmkt&random=453547853&cv_attributed=0' (redirected from 'https://www.youtube.com/pagead/viewthroughconversion/962985656/?backend=innertube&cname=56&cver=2_20260612&foc_id=SJ4gkVC6NrvII8umztf0Ow&label=followon_view&ptype=no_rmkt&random=453547853') from origin 'https://www.youtube.com' has been blocked by CORS policy: No 'Access-Control-Allow-Origin' header is present on the requested resource. @ https://www.youtube.com/embed/X4VbdwhkE10?autoplay=0&controls=0&modestbranding=1&playsinline=1&rel=0&enablejsapi=1&origin=http%3A%2F%2Flocalhost%3A3000&widgetid=1&forigin=http%3A%2F%2Flocalhost%3A3000%2F&aoriginsup=1&gporigin=http%3A%2F%2Flocalhost%3A3000%2F&vf=1:0
[  871265ms] [ERROR] Failed to load resource: net::ERR_FAILED @ https://googleads.g.doubleclick.net/pagead/viewthroughconversion/962985656/?backend=innertube&cname=56&cver=2_20260612&foc_id=SJ4gkVC6NrvII8umztf0Ow&label=followon_view&ptype=no_rmkt&random=453547853&cv_attributed=0:0
