[      61ms] [INFO] %cDownload the React DevTools for a better development experience: https://react.dev/link/react-devtools font-weight:bold @ http://localhost:3000/_next/static/chunks/node_modules_next_dist_1ybzpk2._.js:2477
[      92ms] [LOG] [HMR] connected @ http://localhost:3000/_next/static/chunks/node_modules_next_dist_1ybzpk2._.js:2477
[     961ms] [ERROR] Access to fetch at 'https://googleads.g.doubleclick.net/pagead/viewthroughconversion/962985656/?backend=innertube&cname=56&cver=2_20260612&foc_id=SJ4gkVC6NrvII8umztf0Ow&label=followon_view&ptype=no_rmkt&random=955837802&cv_attributed=0' (redirected from 'https://www.youtube.com/pagead/viewthroughconversion/962985656/?backend=innertube&cname=56&cver=2_20260612&foc_id=SJ4gkVC6NrvII8umztf0Ow&label=followon_view&ptype=no_rmkt&random=955837802') from origin 'https://www.youtube.com' has been blocked by CORS policy: No 'Access-Control-Allow-Origin' header is present on the requested resource. @ https://www.youtube.com/embed/X4VbdwhkE10?autoplay=0&controls=0&modestbranding=1&playsinline=1&rel=0&enablejsapi=1&origin=http%3A%2F%2Flocalhost%3A3000&widgetid=1&forigin=http%3A%2F%2Flocalhost%3A3000%2F&aoriginsup=1&vf=1:0
[     961ms] [ERROR] Failed to load resource: net::ERR_FAILED @ https://googleads.g.doubleclick.net/pagead/viewthroughconversion/962985656/?backend=innertube&cname=56&cver=2_20260612&foc_id=SJ4gkVC6NrvII8umztf0Ow&label=followon_view&ptype=no_rmkt&random=955837802&cv_attributed=0:0
[  236534ms] [LOG] [Fast Refresh] rebuilding @ http://localhost:3000/_next/static/chunks/node_modules_next_dist_1ybzpk2._.js:2477
[  236535ms] [WARNING] [Fast Refresh] performing full reload

Fast Refresh will perform a full reload when you edit a file that's imported by modules outside of the React rendering tree.
You might have a file which exports a React component but also exports a value that is imported by a non-React component file.
Consider migrating the non-React component export to a separate file and importing it into both files.

It is also possible the parent component of the component you edited is a class component, which disables Fast Refresh.
Fast Refresh requires at least one parent function component in your React tree. @ http://localhost:3000/_next/static/chunks/node_modules_next_dist_1ybzpk2._.js:2477
[  236656ms] [INFO] %cDownload the React DevTools for a better development experience: https://react.dev/link/react-devtools font-weight:bold @ http://localhost:3000/_next/static/chunks/node_modules_next_dist_1ybzpk2._.js:2477
[  236694ms] [LOG] [HMR] connected @ http://localhost:3000/_next/static/chunks/node_modules_next_dist_1ybzpk2._.js:2477
[  236834ms] [LOG] [Fast Refresh] rebuilding @ http://localhost:3000/_next/static/chunks/node_modules_next_dist_1ybzpk2._.js:2477
[  236857ms] [LOG] [Fast Refresh] done in 25ms @ http://localhost:3000/_next/static/chunks/node_modules_next_dist_1ybzpk2._.js:2477
[  237244ms] [LOG] [Fast Refresh] rebuilding @ http://localhost:3000/_next/static/chunks/node_modules_next_dist_1ybzpk2._.js:2477
[  237593ms] [ERROR] Access to fetch at 'https://googleads.g.doubleclick.net/pagead/viewthroughconversion/962985656/?backend=innertube&cname=56&cver=2_20260612&foc_id=SJ4gkVC6NrvII8umztf0Ow&label=followon_view&ptype=no_rmkt&random=32627467&cv_attributed=0' (redirected from 'https://www.youtube.com/pagead/viewthroughconversion/962985656/?backend=innertube&cname=56&cver=2_20260612&foc_id=SJ4gkVC6NrvII8umztf0Ow&label=followon_view&ptype=no_rmkt&random=32627467') from origin 'https://www.youtube.com' has been blocked by CORS policy: No 'Access-Control-Allow-Origin' header is present on the requested resource. @ https://www.youtube.com/embed/X4VbdwhkE10?autoplay=0&controls=0&modestbranding=1&playsinline=1&rel=0&enablejsapi=1&origin=http%3A%2F%2Flocalhost%3A3000&widgetid=1&forigin=http%3A%2F%2Flocalhost%3A3000%2F&aoriginsup=1&gporigin=http%3A%2F%2Flocalhost%3A3000%2F&vf=1:0
[  237593ms] [ERROR] Failed to load resource: net::ERR_FAILED @ https://googleads.g.doubleclick.net/pagead/viewthroughconversion/962985656/?backend=innertube&cname=56&cver=2_20260612&foc_id=SJ4gkVC6NrvII8umztf0Ow&label=followon_view&ptype=no_rmkt&random=32627467&cv_attributed=0:0
[  237806ms] [LOG] [Fast Refresh] done in 655ms @ http://localhost:3000/_next/static/chunks/node_modules_next_dist_1ybzpk2._.js:2477
[  237808ms] [LOG] [Fast Refresh] rebuilding @ http://localhost:3000/_next/static/chunks/node_modules_next_dist_1ybzpk2._.js:2477
[  237956ms] [LOG] [Fast Refresh] done in 148ms @ http://localhost:3000/_next/static/chunks/node_modules_next_dist_1ybzpk2._.js:2477
[  237998ms] [ERROR] Failed to load resource: the server responded with a status of 500 (Internal Server Error) @ http://localhost:3000/?_rsc=q3mOO9BClNZHexY7:0
[  238133ms] [INFO] %cDownload the React DevTools for a better development experience: https://react.dev/link/react-devtools font-weight:bold @ http://localhost:3000/_next/static/chunks/node_modules_next_dist_1ybzpk2._.js:2477
[  238140ms] [LOG] [HMR] connected @ http://localhost:3000/_next/static/chunks/node_modules_next_dist_1ybzpk2._.js:2477
[  238888ms] [ERROR] Access to fetch at 'https://googleads.g.doubleclick.net/pagead/viewthroughconversion/962985656/?backend=innertube&cname=56&cver=2_20260612&foc_id=SJ4gkVC6NrvII8umztf0Ow&label=followon_view&ptype=no_rmkt&random=265894264&cv_attributed=0' (redirected from 'https://www.youtube.com/pagead/viewthroughconversion/962985656/?backend=innertube&cname=56&cver=2_20260612&foc_id=SJ4gkVC6NrvII8umztf0Ow&label=followon_view&ptype=no_rmkt&random=265894264') from origin 'https://www.youtube.com' has been blocked by CORS policy: No 'Access-Control-Allow-Origin' header is present on the requested resource. @ https://www.youtube.com/embed/X4VbdwhkE10?autoplay=0&controls=0&modestbranding=1&playsinline=1&rel=0&enablejsapi=1&origin=http%3A%2F%2Flocalhost%3A3000&widgetid=1&forigin=http%3A%2F%2Flocalhost%3A3000%2F&aoriginsup=1&gporigin=http%3A%2F%2Flocalhost%3A3000%2F&vf=1:0
[  238888ms] [ERROR] Failed to load resource: net::ERR_FAILED @ https://googleads.g.doubleclick.net/pagead/viewthroughconversion/962985656/?backend=innertube&cname=56&cver=2_20260612&foc_id=SJ4gkVC6NrvII8umztf0Ow&label=followon_view&ptype=no_rmkt&random=265894264&cv_attributed=0:0
[  240887ms] [LOG] [Fast Refresh] rebuilding @ http://localhost:3000/_next/static/chunks/node_modules_next_dist_1ybzpk2._.js:2477
[  240917ms] [LOG] [Fast Refresh] done in 31ms @ http://localhost:3000/_next/static/chunks/node_modules_next_dist_1ybzpk2._.js:2477
[  242362ms] [LOG] [Fast Refresh] rebuilding @ http://localhost:3000/_next/static/chunks/node_modules_next_dist_1ybzpk2._.js:2477
[  242391ms] [LOG] [Fast Refresh] done in 24ms @ http://localhost:3000/_next/static/chunks/node_modules_next_dist_1ybzpk2._.js:2477
